<?xml version="1.0" encoding="UTF-8"?>
<testng-results ignored="0" total="6" passed="6" failed="0" skipped="0">
  <reporter-output>
  </reporter-output>
  <suite started-at="2024-05-05T23:08:46 WIB" name="Default suite" finished-at="2024-05-05T23:08:56 WIB" duration-ms="9809">
    <groups>
      <group name="cucumber">
        <method signature="AbstractTestNGCucumberTests.runScenario(io.cucumber.testng.PickleWrapper,io.cucumber.testng.FeatureWrapper)[pri:0, instance:StepDefinitions.TestRunner.CucumberTestRunner@12b0404f]" name="runScenario" class="io.cucumber.testng.AbstractTestNGCucumberTests"/>
      </group> <!-- cucumber -->
    </groups>
    <test started-at="2024-05-05T23:08:46 WIB" name="Default test" finished-at="2024-05-05T23:08:56 WIB" duration-ms="9809">
      <class name="StepDefinitions.TestRunner.CucumberTestRunner">
        <test-method is-config="true" signature="setUpClass(org.testng.ITestContext)[pri:0, instance:StepDefinitions.TestRunner.CucumberTestRunner@12b0404f]" started-at="2024-05-05T23:08:46 WIB" name="setUpClass" finished-at="2024-05-05T23:08:46 WIB" duration-ms="191" status="PASS">
          <params>
            <param index="0">
              <value>
                <![CDATA[org.testng.TestRunner@2173a742]]>
              </value>
            </param>
          </params>
          <reporter-output>
          </reporter-output>
        </test-method> <!-- setUpClass -->
        <test-method signature="runScenario(io.cucumber.testng.PickleWrapper,io.cucumber.testng.FeatureWrapper)[pri:0, instance:StepDefinitions.TestRunner.CucumberTestRunner@12b0404f]" started-at="2024-05-05T23:08:46 WIB" name="runScenario" description="Runs Cucumber Scenarios" data-provider="scenarios" finished-at="2024-05-05T23:08:48 WIB" duration-ms="1970" status="PASS">
          <params>
            <param index="0">
              <value>
                <![CDATA["User is able to checkout successfully"]]>
              </value>
            </param>
            <param index="1">
              <value>
                <![CDATA["Checkout"]]>
              </value>
            </param>
          </params>
          <reporter-output>
          </reporter-output>
        </test-method> <!-- runScenario -->
        <test-method signature="runScenario(io.cucumber.testng.PickleWrapper,io.cucumber.testng.FeatureWrapper)[pri:0, instance:StepDefinitions.TestRunner.CucumberTestRunner@12b0404f]" started-at="2024-05-05T23:08:48 WIB" name="runScenario" description="Runs Cucumber Scenarios" data-provider="scenarios" finished-at="2024-05-05T23:08:50 WIB" duration-ms="1240" status="PASS">
          <params>
            <param index="0">
              <value>
                <![CDATA["User is unable to checkout with missing information"]]>
              </value>
            </param>
            <param index="1">
              <value>
                <![CDATA["Checkout"]]>
              </value>
            </param>
          </params>
          <reporter-output>
          </reporter-output>
        </test-method> <!-- runScenario -->
        <test-method signature="runScenario(io.cucumber.testng.PickleWrapper,io.cucumber.testng.FeatureWrapper)[pri:0, instance:StepDefinitions.TestRunner.CucumberTestRunner@12b0404f]" started-at="2024-05-05T23:08:50 WIB" name="runScenario" description="Runs Cucumber Scenarios" data-provider="scenarios" finished-at="2024-05-05T23:08:51 WIB" duration-ms="983" status="PASS">
          <params>
            <param index="0">
              <value>
                <![CDATA["User opens the login page successfully"]]>
              </value>
            </param>
            <param index="1">
              <value>
                <![CDATA["Login Functionality Test"]]>
              </value>
            </param>
          </params>
          <reporter-output>
          </reporter-output>
        </test-method> <!-- runScenario -->
        <test-method signature="runScenario(io.cucumber.testng.PickleWrapper,io.cucumber.testng.FeatureWrapper)[pri:0, instance:StepDefinitions.TestRunner.CucumberTestRunner@12b0404f]" started-at="2024-05-05T23:08:51 WIB" name="runScenario" description="Runs Cucumber Scenarios" data-provider="scenarios" finished-at="2024-05-05T23:08:52 WIB" duration-ms="1065" status="PASS">
          <params>
            <param index="0">
              <value>
                <![CDATA["login with valid account"]]>
              </value>
            </param>
            <param index="1">
              <value>
                <![CDATA["Login Functionality Test"]]>
              </value>
            </param>
          </params>
          <reporter-output>
          </reporter-output>
        </test-method> <!-- runScenario -->
        <test-method signature="runScenario(io.cucumber.testng.PickleWrapper,io.cucumber.testng.FeatureWrapper)[pri:0, instance:StepDefinitions.TestRunner.CucumberTestRunner@12b0404f]" started-at="2024-05-05T23:08:52 WIB" name="runScenario" description="Runs Cucumber Scenarios" data-provider="scenarios" finished-at="2024-05-05T23:08:53 WIB" duration-ms="1116" status="PASS">
          <params>
            <param index="0">
              <value>
                <![CDATA["Login with invalid account"]]>
              </value>
            </param>
            <param index="1">
              <value>
                <![CDATA["Login Functionality Test"]]>
              </value>
            </param>
          </params>
          <reporter-output>
          </reporter-output>
        </test-method> <!-- runScenario -->
        <test-method signature="runScenario(io.cucumber.testng.PickleWrapper,io.cucumber.testng.FeatureWrapper)[pri:0, instance:StepDefinitions.TestRunner.CucumberTestRunner@12b0404f]" started-at="2024-05-05T23:08:53 WIB" name="runScenario" description="Runs Cucumber Scenarios" data-provider="scenarios" finished-at="2024-05-05T23:08:54 WIB" duration-ms="1137" status="PASS">
          <params>
            <param index="0">
              <value>
                <![CDATA["User logs out successfully"]]>
              </value>
            </param>
            <param index="1">
              <value>
                <![CDATA["Login Functionality Test"]]>
              </value>
            </param>
          </params>
          <reporter-output>
          </reporter-output>
        </test-method> <!-- runScenario -->
        <test-method is-config="true" signature="tearDownClass()[pri:0, instance:StepDefinitions.TestRunner.CucumberTestRunner@12b0404f]" started-at="2024-05-05T23:08:54 WIB" name="tearDownClass" finished-at="2024-05-05T23:08:56 WIB" duration-ms="2095" status="PASS">
          <reporter-output>
          </reporter-output>
        </test-method> <!-- tearDownClass -->
      </class> <!-- StepDefinitions.TestRunner.CucumberTestRunner -->
    </test> <!-- Default test -->
  </suite> <!-- Default suite -->
</testng-results>
